<?xml version="1.0" encoding="UTF-8"?>
<testsuite xmlns:xsi="http://www.w3.org/2001/XMLSchema-instance" xsi:noNamespaceSchemaLocation="https://maven.apache.org/surefire/maven-surefire-plugin/xsd/surefire-test-report.xsd" name="com.cai.funtour.GatewayApplicationTests" time="0.566" tests="1" errors="1" skipped="0" failures="0">
  <properties>
    <property name="sun.desktop" value="windows"/>
    <property name="awt.toolkit" value="sun.awt.windows.WToolkit"/>
    <property name="file.encoding.pkg" value="sun.io"/>
    <property name="java.specification.version" value="1.8"/>
    <property name="sun.cpu.isalist" value="amd64"/>
    <property name="sun.jnu.encoding" value="GBK"/>
    <property name="java.class.path" value="S:\project\back\work\funTour\gateway\target\test-classes;S:\project\back\work\funTour\gateway\target\classes;D:\Java\m2\repository\org\springframework\boot\spring-boot-starter\2.6.6\spring-boot-starter-2.6.6.jar;D:\Java\m2\repository\org\springframework\boot\spring-boot\2.6.6\spring-boot-2.6.6.jar;D:\Java\m2\repository\org\springframework\spring-context\5.3.18\spring-context-5.3.18.jar;D:\Java\m2\repository\org\springframework\spring-aop\5.3.18\spring-aop-5.3.18.jar;D:\Java\m2\repository\org\springframework\spring-beans\5.3.18\spring-beans-5.3.18.jar;D:\Java\m2\repository\org\springframework\spring-expression\5.3.18\spring-expression-5.3.18.jar;D:\Java\m2\repository\org\springframework\boot\spring-boot-autoconfigure\2.6.6\spring-boot-autoconfigure-2.6.6.jar;D:\Java\m2\repository\jakarta\annotation\jakarta.annotation-api\1.3.5\jakarta.annotation-api-1.3.5.jar;D:\Java\m2\repository\org\springframework\spring-core\5.3.18\spring-core-5.3.18.jar;D:\Java\m2\repository\org\springframework\spring-jcl\5.3.18\spring-jcl-5.3.18.jar;D:\Java\m2\repository\org\yaml\snakeyaml\1.29\snakeyaml-1.29.jar;D:\Java\m2\repository\org\springframework\cloud\spring-cloud-starter-gateway\3.1.1\spring-cloud-starter-gateway-3.1.1.jar;D:\Java\m2\repository\org\springframework\cloud\spring-cloud-starter\3.1.1\spring-cloud-starter-3.1.1.jar;D:\Java\m2\repository\org\springframework\security\spring-security-rsa\1.0.10.RELEASE\spring-security-rsa-1.0.10.RELEASE.jar;D:\Java\m2\repository\org\bouncycastle\bcpkix-jdk15on\1.68\bcpkix-jdk15on-1.68.jar;D:\Java\m2\repository\org\bouncycastle\bcprov-jdk15on\1.68\bcprov-jdk15on-1.68.jar;D:\Java\m2\repository\org\springframework\cloud\spring-cloud-gateway-server\3.1.1\spring-cloud-gateway-server-3.1.1.jar;D:\Java\m2\repository\org\springframework\boot\spring-boot-starter-validation\2.6.6\spring-boot-starter-validation-2.6.6.jar;D:\Java\m2\repository\org\apache\tomcat\embed\tomcat-embed-el\9.0.60\tomcat-embed-el-9.0.60.jar;D:\Java\m2\repository\org\hibernate\validator\hibernate-validator\6.2.3.Final\hibernate-validator-6.2.3.Final.jar;D:\Java\m2\repository\jakarta\validation\jakarta.validation-api\2.0.2\jakarta.validation-api-2.0.2.jar;D:\Java\m2\repository\org\jboss\logging\jboss-logging\3.4.3.Final\jboss-logging-3.4.3.Final.jar;D:\Java\m2\repository\com\fasterxml\classmate\1.5.1\classmate-1.5.1.jar;D:\Java\m2\repository\org\springframework\boot\spring-boot-starter-webflux\2.6.6\spring-boot-starter-webflux-2.6.6.jar;D:\Java\m2\repository\org\springframework\boot\spring-boot-starter-json\2.6.6\spring-boot-starter-json-2.6.6.jar;D:\Java\m2\repository\com\fasterxml\jackson\datatype\jackson-datatype-jdk8\2.13.2\jackson-datatype-jdk8-2.13.2.jar;D:\Java\m2\repository\com\fasterxml\jackson\datatype\jackson-datatype-jsr310\2.13.2\jackson-datatype-jsr310-2.13.2.jar;D:\Java\m2\repository\com\fasterxml\jackson\module\jackson-module-parameter-names\2.13.2\jackson-module-parameter-names-2.13.2.jar;D:\Java\m2\repository\org\springframework\boot\spring-boot-starter-reactor-netty\2.6.6\spring-boot-starter-reactor-netty-2.6.6.jar;D:\Java\m2\repository\io\projectreactor\netty\reactor-netty-http\1.0.17\reactor-netty-http-1.0.17.jar;D:\Java\m2\repository\io\netty\netty-codec-http\4.1.75.Final\netty-codec-http-4.1.75.Final.jar;D:\Java\m2\repository\io\netty\netty-common\4.1.75.Final\netty-common-4.1.75.Final.jar;D:\Java\m2\repository\io\netty\netty-buffer\4.1.75.Final\netty-buffer-4.1.75.Final.jar;D:\Java\m2\repository\io\netty\netty-transport\4.1.75.Final\netty-transport-4.1.75.Final.jar;D:\Java\m2\repository\io\netty\netty-codec\4.1.75.Final\netty-codec-4.1.75.Final.jar;D:\Java\m2\repository\io\netty\netty-handler\4.1.75.Final\netty-handler-4.1.75.Final.jar;D:\Java\m2\repository\io\netty\netty-codec-http2\4.1.75.Final\netty-codec-http2-4.1.75.Final.jar;D:\Java\m2\repository\io\netty\netty-resolver-dns\4.1.75.Final\netty-resolver-dns-4.1.75.Final.jar;D:\Java\m2\repository\io\netty\netty-resolver\4.1.75.Final\netty-resolver-4.1.75.Final.jar;D:\Java\m2\repository\io\netty\netty-codec-dns\4.1.75.Final\netty-codec-dns-4.1.75.Final.jar;D:\Java\m2\repository\io\netty\netty-resolver-dns-native-macos\4.1.75.Final\netty-resolver-dns-native-macos-4.1.75.Final-osx-x86_64.jar;D:\Java\m2\repository\io\netty\netty-resolver-dns-classes-macos\4.1.75.Final\netty-resolver-dns-classes-macos-4.1.75.Final.jar;D:\Java\m2\repository\io\netty\netty-transport-native-epoll\4.1.75.Final\netty-transport-native-epoll-4.1.75.Final-linux-x86_64.jar;D:\Java\m2\repository\io\netty\netty-transport-native-unix-common\4.1.75.Final\netty-transport-native-unix-common-4.1.75.Final.jar;D:\Java\m2\repository\io\netty\netty-transport-classes-epoll\4.1.75.Final\netty-transport-classes-epoll-4.1.75.Final.jar;D:\Java\m2\repository\io\projectreactor\netty\reactor-netty-core\1.0.17\reactor-netty-core-1.0.17.jar;D:\Java\m2\repository\io\netty\netty-handler-proxy\4.1.75.Final\netty-handler-proxy-4.1.75.Final.jar;D:\Java\m2\repository\io\netty\netty-codec-socks\4.1.75.Final\netty-codec-socks-4.1.75.Final.jar;D:\Java\m2\repository\org\springframework\spring-web\5.3.18\spring-web-5.3.18.jar;D:\Java\m2\repository\org\springframework\spring-webflux\5.3.18\spring-webflux-5.3.18.jar;D:\Java\m2\repository\org\springframework\boot\spring-boot-starter-test\2.6.6\spring-boot-starter-test-2.6.6.jar;D:\Java\m2\repository\org\springframework\boot\spring-boot-test\2.6.6\spring-boot-test-2.6.6.jar;D:\Java\m2\repository\org\springframework\boot\spring-boot-test-autoconfigure\2.6.6\spring-boot-test-autoconfigure-2.6.6.jar;D:\Java\m2\repository\com\jayway\jsonpath\json-path\2.6.0\json-path-2.6.0.jar;D:\Java\m2\repository\net\minidev\json-smart\2.4.8\json-smart-2.4.8.jar;D:\Java\m2\repository\net\minidev\accessors-smart\2.4.8\accessors-smart-2.4.8.jar;D:\Java\m2\repository\org\ow2\asm\asm\9.1\asm-9.1.jar;D:\Java\m2\repository\org\slf4j\slf4j-api\1.7.36\slf4j-api-1.7.36.jar;D:\Java\m2\repository\jakarta\xml\bind\jakarta.xml.bind-api\2.3.3\jakarta.xml.bind-api-2.3.3.jar;D:\Java\m2\repository\jakarta\activation\jakarta.activation-api\1.2.2\jakarta.activation-api-1.2.2.jar;D:\Java\m2\repository\org\assertj\assertj-core\3.21.0\assertj-core-3.21.0.jar;D:\Java\m2\repository\org\hamcrest\hamcrest\2.2\hamcrest-2.2.jar;D:\Java\m2\repository\org\junit\jupiter\junit-jupiter\5.8.2\junit-jupiter-5.8.2.jar;D:\Java\m2\repository\org\junit\jupiter\junit-jupiter-api\5.8.2\junit-jupiter-api-5.8.2.jar;D:\Java\m2\repository\org\opentest4j\opentest4j\1.2.0\opentest4j-1.2.0.jar;D:\Java\m2\repository\org\junit\platform\junit-platform-commons\1.8.2\junit-platform-commons-1.8.2.jar;D:\Java\m2\repository\org\apiguardian\apiguardian-api\1.1.2\apiguardian-api-1.1.2.jar;D:\Java\m2\repository\org\junit\jupiter\junit-jupiter-params\5.8.2\junit-jupiter-params-5.8.2.jar;D:\Java\m2\repository\org\junit\jupiter\junit-jupiter-engine\5.8.2\junit-jupiter-engine-5.8.2.jar;D:\Java\m2\repository\org\junit\platform\junit-platform-engine\1.8.2\junit-platform-engine-1.8.2.jar;D:\Java\m2\repository\org\mockito\mockito-core\4.0.0\mockito-core-4.0.0.jar;D:\Java\m2\repository\net\bytebuddy\byte-buddy\1.11.22\byte-buddy-1.11.22.jar;D:\Java\m2\repository\net\bytebuddy\byte-buddy-agent\1.11.22\byte-buddy-agent-1.11.22.jar;D:\Java\m2\repository\org\objenesis\objenesis\3.2\objenesis-3.2.jar;D:\Java\m2\repository\org\mockito\mockito-junit-jupiter\4.0.0\mockito-junit-jupiter-4.0.0.jar;D:\Java\m2\repository\org\skyscreamer\jsonassert\1.5.0\jsonassert-1.5.0.jar;D:\Java\m2\repository\com\vaadin\external\google\android-json\0.0.20131108.vaadin1\android-json-0.0.20131108.vaadin1.jar;D:\Java\m2\repository\org\springframework\spring-test\5.3.18\spring-test-5.3.18.jar;D:\Java\m2\repository\org\xmlunit\xmlunit-core\2.8.4\xmlunit-core-2.8.4.jar;D:\Java\m2\repository\com\alibaba\cloud\spring-cloud-starter-alibaba-nacos-discovery\2021.0.1.0\spring-cloud-starter-alibaba-nacos-discovery-2021.0.1.0.jar;D:\Java\m2\repository\com\alibaba\cloud\spring-cloud-alibaba-commons\2021.0.1.0\spring-cloud-alibaba-commons-2021.0.1.0.jar;D:\Java\m2\repository\com\alibaba\nacos\nacos-client\1.4.2\nacos-client-1.4.2.jar;D:\Java\m2\repository\com\alibaba\nacos\nacos-common\1.4.2\nacos-common-1.4.2.jar;D:\Java\m2\repository\commons-io\commons-io\2.7\commons-io-2.7.jar;D:\Java\m2\repository\org\apache\httpcomponents\httpasyncclient\4.1.5\httpasyncclient-4.1.5.jar;D:\Java\m2\repository\org\apache\httpcomponents\httpcore\4.4.15\httpcore-4.4.15.jar;D:\Java\m2\repository\org\apache\httpcomponents\httpcore-nio\4.4.15\httpcore-nio-4.4.15.jar;D:\Java\m2\repository\org\apache\httpcomponents\httpclient\4.5.13\httpclient-4.5.13.jar;D:\Java\m2\repository\com\alibaba\nacos\nacos-api\1.4.2\nacos-api-1.4.2.jar;D:\Java\m2\repository\com\google\guava\guava\30.1-jre\guava-30.1-jre.jar;D:\Java\m2\repository\com\google\guava\failureaccess\1.0.1\failureaccess-1.0.1.jar;D:\Java\m2\repository\com\google\guava\listenablefuture\9999.0-empty-to-avoid-conflict-with-guava\listenablefuture-9999.0-empty-to-avoid-conflict-with-guava.jar;D:\Java\m2\repository\com\google\code\findbugs\jsr305\3.0.2\jsr305-3.0.2.jar;D:\Java\m2\repository\org\checkerframework\checker-qual\3.5.0\checker-qual-3.5.0.jar;D:\Java\m2\repository\com\google\errorprone\error_prone_annotations\2.3.4\error_prone_annotations-2.3.4.jar;D:\Java\m2\repository\com\google\j2objc\j2objc-annotations\1.3\j2objc-annotations-1.3.jar;D:\Java\m2\repository\com\fasterxml\jackson\core\jackson-core\2.13.2\jackson-core-2.13.2.jar;D:\Java\m2\repository\io\prometheus\simpleclient\0.12.0\simpleclient-0.12.0.jar;D:\Java\m2\repository\io\prometheus\simpleclient_tracer_otel\0.12.0\simpleclient_tracer_otel-0.12.0.jar;D:\Java\m2\repository\io\prometheus\simpleclient_tracer_common\0.12.0\simpleclient_tracer_common-0.12.0.jar;D:\Java\m2\repository\io\prometheus\simpleclient_tracer_otel_agent\0.12.0\simpleclient_tracer_otel_agent-0.12.0.jar;D:\Java\m2\repository\com\alibaba\spring\spring-context-support\1.0.11\spring-context-support-1.0.11.jar;D:\Java\m2\repository\org\springframework\cloud\spring-cloud-commons\3.1.1\spring-cloud-commons-3.1.1.jar;D:\Java\m2\repository\org\springframework\security\spring-security-crypto\5.6.2\spring-security-crypto-5.6.2.jar;D:\Java\m2\repository\org\springframework\cloud\spring-cloud-context\3.1.1\spring-cloud-context-3.1.1.jar;D:\Java\m2\repository\org\springframework\cloud\spring-cloud-loadbalancer\3.1.1\spring-cloud-loadbalancer-3.1.1.jar;D:\Java\m2\repository\io\projectreactor\reactor-core\3.4.16\reactor-core-3.4.16.jar;D:\Java\m2\repository\org\reactivestreams\reactive-streams\1.0.3\reactive-streams-1.0.3.jar;D:\Java\m2\repository\io\projectreactor\addons\reactor-extra\3.4.7\reactor-extra-3.4.7.jar;D:\Java\m2\repository\com\auth0\java-jwt\3.4.0\java-jwt-3.4.0.jar;D:\Java\m2\repository\com\fasterxml\jackson\core\jackson-databind\2.13.2.2\jackson-databind-2.13.2.2.jar;D:\Java\m2\repository\com\fasterxml\jackson\core\jackson-annotations\2.13.2\jackson-annotations-2.13.2.jar;D:\Java\m2\repository\commons-codec\commons-codec\1.15\commons-codec-1.15.jar;D:\Java\m2\repository\org\springframework\boot\spring-boot-starter-log4j2\2.6.6\spring-boot-starter-log4j2-2.6.6.jar;D:\Java\m2\repository\org\apache\logging\log4j\log4j-slf4j-impl\2.17.2\log4j-slf4j-impl-2.17.2.jar;D:\Java\m2\repository\org\apache\logging\log4j\log4j-api\2.17.2\log4j-api-2.17.2.jar;D:\Java\m2\repository\org\apache\logging\log4j\log4j-core\2.17.2\log4j-core-2.17.2.jar;D:\Java\m2\repository\org\apache\logging\log4j\log4j-jul\2.17.2\log4j-jul-2.17.2.jar;D:\Java\m2\repository\org\slf4j\jul-to-slf4j\1.7.36\jul-to-slf4j-1.7.36.jar;D:\Java\m2\repository\com\cai\api\0.0.1-SNAPSHOT\api-0.0.1-SNAPSHOT.jar;D:\Java\m2\repository\org\projectlombok\lombok\1.18.22\lombok-1.18.22.jar;D:\Java\m2\repository\com\alibaba\fastjson\1.2.74\fastjson-1.2.74.jar;"/>
    <property name="java.vm.vendor" value="Oracle Corporation"/>
    <property name="sun.arch.data.model" value="64"/>
    <property name="user.variant" value=""/>
    <property name="java.vendor.url" value="http://java.oracle.com/"/>
    <property name="user.timezone" value="Asia/Shanghai"/>
    <property name="java.vm.specification.version" value="1.8"/>
    <property name="os.name" value="Windows 10"/>
    <property name="user.country" value="CN"/>
    <property name="sun.java.launcher" value="SUN_STANDARD"/>
    <property name="sun.boot.library.path" value="S:\env\java\jre\bin"/>
    <property name="sun.java.command" value="C:\Users\24216\AppData\Local\Temp\surefire566990965356221429\surefirebooter1512136994955635115.jar C:\Users\24216\AppData\Local\Temp\surefire566990965356221429 2022-04-25T14-46-24_612-jvmRun1 surefire6804430814507677590tmp surefire_04262836539138360447tmp"/>
    <property name="surefire.test.class.path" value="S:\project\back\work\funTour\gateway\target\test-classes;S:\project\back\work\funTour\gateway\target\classes;D:\Java\m2\repository\org\springframework\boot\spring-boot-starter\2.6.6\spring-boot-starter-2.6.6.jar;D:\Java\m2\repository\org\springframework\boot\spring-boot\2.6.6\spring-boot-2.6.6.jar;D:\Java\m2\repository\org\springframework\spring-context\5.3.18\spring-context-5.3.18.jar;D:\Java\m2\repository\org\springframework\spring-aop\5.3.18\spring-aop-5.3.18.jar;D:\Java\m2\repository\org\springframework\spring-beans\5.3.18\spring-beans-5.3.18.jar;D:\Java\m2\repository\org\springframework\spring-expression\5.3.18\spring-expression-5.3.18.jar;D:\Java\m2\repository\org\springframework\boot\spring-boot-autoconfigure\2.6.6\spring-boot-autoconfigure-2.6.6.jar;D:\Java\m2\repository\jakarta\annotation\jakarta.annotation-api\1.3.5\jakarta.annotation-api-1.3.5.jar;D:\Java\m2\repository\org\springframework\spring-core\5.3.18\spring-core-5.3.18.jar;D:\Java\m2\repository\org\springframework\spring-jcl\5.3.18\spring-jcl-5.3.18.jar;D:\Java\m2\repository\org\yaml\snakeyaml\1.29\snakeyaml-1.29.jar;D:\Java\m2\repository\org\springframework\cloud\spring-cloud-starter-gateway\3.1.1\spring-cloud-starter-gateway-3.1.1.jar;D:\Java\m2\repository\org\springframework\cloud\spring-cloud-starter\3.1.1\spring-cloud-starter-3.1.1.jar;D:\Java\m2\repository\org\springframework\security\spring-security-rsa\1.0.10.RELEASE\spring-security-rsa-1.0.10.RELEASE.jar;D:\Java\m2\repository\org\bouncycastle\bcpkix-jdk15on\1.68\bcpkix-jdk15on-1.68.jar;D:\Java\m2\repository\org\bouncycastle\bcprov-jdk15on\1.68\bcprov-jdk15on-1.68.jar;D:\Java\m2\repository\org\springframework\cloud\spring-cloud-gateway-server\3.1.1\spring-cloud-gateway-server-3.1.1.jar;D:\Java\m2\repository\org\springframework\boot\spring-boot-starter-validation\2.6.6\spring-boot-starter-validation-2.6.6.jar;D:\Java\m2\repository\org\apache\tomcat\embed\tomcat-embed-el\9.0.60\tomcat-embed-el-9.0.60.jar;D:\Java\m2\repository\org\hibernate\validator\hibernate-validator\6.2.3.Final\hibernate-validator-6.2.3.Final.jar;D:\Java\m2\repository\jakarta\validation\jakarta.validation-api\2.0.2\jakarta.validation-api-2.0.2.jar;D:\Java\m2\repository\org\jboss\logging\jboss-logging\3.4.3.Final\jboss-logging-3.4.3.Final.jar;D:\Java\m2\repository\com\fasterxml\classmate\1.5.1\classmate-1.5.1.jar;D:\Java\m2\repository\org\springframework\boot\spring-boot-starter-webflux\2.6.6\spring-boot-starter-webflux-2.6.6.jar;D:\Java\m2\repository\org\springframework\boot\spring-boot-starter-json\2.6.6\spring-boot-starter-json-2.6.6.jar;D:\Java\m2\repository\com\fasterxml\jackson\datatype\jackson-datatype-jdk8\2.13.2\jackson-datatype-jdk8-2.13.2.jar;D:\Java\m2\repository\com\fasterxml\jackson\datatype\jackson-datatype-jsr310\2.13.2\jackson-datatype-jsr310-2.13.2.jar;D:\Java\m2\repository\com\fasterxml\jackson\module\jackson-module-parameter-names\2.13.2\jackson-module-parameter-names-2.13.2.jar;D:\Java\m2\repository\org\springframework\boot\spring-boot-starter-reactor-netty\2.6.6\spring-boot-starter-reactor-netty-2.6.6.jar;D:\Java\m2\repository\io\projectreactor\netty\reactor-netty-http\1.0.17\reactor-netty-http-1.0.17.jar;D:\Java\m2\repository\io\netty\netty-codec-http\4.1.75.Final\netty-codec-http-4.1.75.Final.jar;D:\Java\m2\repository\io\netty\netty-common\4.1.75.Final\netty-common-4.1.75.Final.jar;D:\Java\m2\repository\io\netty\netty-buffer\4.1.75.Final\netty-buffer-4.1.75.Final.jar;D:\Java\m2\repository\io\netty\netty-transport\4.1.75.Final\netty-transport-4.1.75.Final.jar;D:\Java\m2\repository\io\netty\netty-codec\4.1.75.Final\netty-codec-4.1.75.Final.jar;D:\Java\m2\repository\io\netty\netty-handler\4.1.75.Final\netty-handler-4.1.75.Final.jar;D:\Java\m2\repository\io\netty\netty-codec-http2\4.1.75.Final\netty-codec-http2-4.1.75.Final.jar;D:\Java\m2\repository\io\netty\netty-resolver-dns\4.1.75.Final\netty-resolver-dns-4.1.75.Final.jar;D:\Java\m2\repository\io\netty\netty-resolver\4.1.75.Final\netty-resolver-4.1.75.Final.jar;D:\Java\m2\repository\io\netty\netty-codec-dns\4.1.75.Final\netty-codec-dns-4.1.75.Final.jar;D:\Java\m2\repository\io\netty\netty-resolver-dns-native-macos\4.1.75.Final\netty-resolver-dns-native-macos-4.1.75.Final-osx-x86_64.jar;D:\Java\m2\repository\io\netty\netty-resolver-dns-classes-macos\4.1.75.Final\netty-resolver-dns-classes-macos-4.1.75.Final.jar;D:\Java\m2\repository\io\netty\netty-transport-native-epoll\4.1.75.Final\netty-transport-native-epoll-4.1.75.Final-linux-x86_64.jar;D:\Java\m2\repository\io\netty\netty-transport-native-unix-common\4.1.75.Final\netty-transport-native-unix-common-4.1.75.Final.jar;D:\Java\m2\repository\io\netty\netty-transport-classes-epoll\4.1.75.Final\netty-transport-classes-epoll-4.1.75.Final.jar;D:\Java\m2\repository\io\projectreactor\netty\reactor-netty-core\1.0.17\reactor-netty-core-1.0.17.jar;D:\Java\m2\repository\io\netty\netty-handler-proxy\4.1.75.Final\netty-handler-proxy-4.1.75.Final.jar;D:\Java\m2\repository\io\netty\netty-codec-socks\4.1.75.Final\netty-codec-socks-4.1.75.Final.jar;D:\Java\m2\repository\org\springframework\spring-web\5.3.18\spring-web-5.3.18.jar;D:\Java\m2\repository\org\springframework\spring-webflux\5.3.18\spring-webflux-5.3.18.jar;D:\Java\m2\repository\org\springframework\boot\spring-boot-starter-test\2.6.6\spring-boot-starter-test-2.6.6.jar;D:\Java\m2\repository\org\springframework\boot\spring-boot-test\2.6.6\spring-boot-test-2.6.6.jar;D:\Java\m2\repository\org\springframework\boot\spring-boot-test-autoconfigure\2.6.6\spring-boot-test-autoconfigure-2.6.6.jar;D:\Java\m2\repository\com\jayway\jsonpath\json-path\2.6.0\json-path-2.6.0.jar;D:\Java\m2\repository\net\minidev\json-smart\2.4.8\json-smart-2.4.8.jar;D:\Java\m2\repository\net\minidev\accessors-smart\2.4.8\accessors-smart-2.4.8.jar;D:\Java\m2\repository\org\ow2\asm\asm\9.1\asm-9.1.jar;D:\Java\m2\repository\org\slf4j\slf4j-api\1.7.36\slf4j-api-1.7.36.jar;D:\Java\m2\repository\jakarta\xml\bind\jakarta.xml.bind-api\2.3.3\jakarta.xml.bind-api-2.3.3.jar;D:\Java\m2\repository\jakarta\activation\jakarta.activation-api\1.2.2\jakarta.activation-api-1.2.2.jar;D:\Java\m2\repository\org\assertj\assertj-core\3.21.0\assertj-core-3.21.0.jar;D:\Java\m2\repository\org\hamcrest\hamcrest\2.2\hamcrest-2.2.jar;D:\Java\m2\repository\org\junit\jupiter\junit-jupiter\5.8.2\junit-jupiter-5.8.2.jar;D:\Java\m2\repository\org\junit\jupiter\junit-jupiter-api\5.8.2\junit-jupiter-api-5.8.2.jar;D:\Java\m2\repository\org\opentest4j\opentest4j\1.2.0\opentest4j-1.2.0.jar;D:\Java\m2\repository\org\junit\platform\junit-platform-commons\1.8.2\junit-platform-commons-1.8.2.jar;D:\Java\m2\repository\org\apiguardian\apiguardian-api\1.1.2\apiguardian-api-1.1.2.jar;D:\Java\m2\repository\org\junit\jupiter\junit-jupiter-params\5.8.2\junit-jupiter-params-5.8.2.jar;D:\Java\m2\repository\org\junit\jupiter\junit-jupiter-engine\5.8.2\junit-jupiter-engine-5.8.2.jar;D:\Java\m2\repository\org\junit\platform\junit-platform-engine\1.8.2\junit-platform-engine-1.8.2.jar;D:\Java\m2\repository\org\mockito\mockito-core\4.0.0\mockito-core-4.0.0.jar;D:\Java\m2\repository\net\bytebuddy\byte-buddy\1.11.22\byte-buddy-1.11.22.jar;D:\Java\m2\repository\net\bytebuddy\byte-buddy-agent\1.11.22\byte-buddy-agent-1.11.22.jar;D:\Java\m2\repository\org\objenesis\objenesis\3.2\objenesis-3.2.jar;D:\Java\m2\repository\org\mockito\mockito-junit-jupiter\4.0.0\mockito-junit-jupiter-4.0.0.jar;D:\Java\m2\repository\org\skyscreamer\jsonassert\1.5.0\jsonassert-1.5.0.jar;D:\Java\m2\repository\com\vaadin\external\google\android-json\0.0.20131108.vaadin1\android-json-0.0.20131108.vaadin1.jar;D:\Java\m2\repository\org\springframework\spring-test\5.3.18\spring-test-5.3.18.jar;D:\Java\m2\repository\org\xmlunit\xmlunit-core\2.8.4\xmlunit-core-2.8.4.jar;D:\Java\m2\repository\com\alibaba\cloud\spring-cloud-starter-alibaba-nacos-discovery\2021.0.1.0\spring-cloud-starter-alibaba-nacos-discovery-2021.0.1.0.jar;D:\Java\m2\repository\com\alibaba\cloud\spring-cloud-alibaba-commons\2021.0.1.0\spring-cloud-alibaba-commons-2021.0.1.0.jar;D:\Java\m2\repository\com\alibaba\nacos\nacos-client\1.4.2\nacos-client-1.4.2.jar;D:\Java\m2\repository\com\alibaba\nacos\nacos-common\1.4.2\nacos-common-1.4.2.jar;D:\Java\m2\repository\commons-io\commons-io\2.7\commons-io-2.7.jar;D:\Java\m2\repository\org\apache\httpcomponents\httpasyncclient\4.1.5\httpasyncclient-4.1.5.jar;D:\Java\m2\repository\org\apache\httpcomponents\httpcore\4.4.15\httpcore-4.4.15.jar;D:\Java\m2\repository\org\apache\httpcomponents\httpcore-nio\4.4.15\httpcore-nio-4.4.15.jar;D:\Java\m2\repository\org\apache\httpcomponents\httpclient\4.5.13\httpclient-4.5.13.jar;D:\Java\m2\repository\com\alibaba\nacos\nacos-api\1.4.2\nacos-api-1.4.2.jar;D:\Java\m2\repository\com\google\guava\guava\30.1-jre\guava-30.1-jre.jar;D:\Java\m2\repository\com\google\guava\failureaccess\1.0.1\failureaccess-1.0.1.jar;D:\Java\m2\repository\com\google\guava\listenablefuture\9999.0-empty-to-avoid-conflict-with-guava\listenablefuture-9999.0-empty-to-avoid-conflict-with-guava.jar;D:\Java\m2\repository\com\google\code\findbugs\jsr305\3.0.2\jsr305-3.0.2.jar;D:\Java\m2\repository\org\checkerframework\checker-qual\3.5.0\checker-qual-3.5.0.jar;D:\Java\m2\repository\com\google\errorprone\error_prone_annotations\2.3.4\error_prone_annotations-2.3.4.jar;D:\Java\m2\repository\com\google\j2objc\j2objc-annotations\1.3\j2objc-annotations-1.3.jar;D:\Java\m2\repository\com\fasterxml\jackson\core\jackson-core\2.13.2\jackson-core-2.13.2.jar;D:\Java\m2\repository\io\prometheus\simpleclient\0.12.0\simpleclient-0.12.0.jar;D:\Java\m2\repository\io\prometheus\simpleclient_tracer_otel\0.12.0\simpleclient_tracer_otel-0.12.0.jar;D:\Java\m2\repository\io\prometheus\simpleclient_tracer_common\0.12.0\simpleclient_tracer_common-0.12.0.jar;D:\Java\m2\repository\io\prometheus\simpleclient_tracer_otel_agent\0.12.0\simpleclient_tracer_otel_agent-0.12.0.jar;D:\Java\m2\repository\com\alibaba\spring\spring-context-support\1.0.11\spring-context-support-1.0.11.jar;D:\Java\m2\repository\org\springframework\cloud\spring-cloud-commons\3.1.1\spring-cloud-commons-3.1.1.jar;D:\Java\m2\repository\org\springframework\security\spring-security-crypto\5.6.2\spring-security-crypto-5.6.2.jar;D:\Java\m2\repository\org\springframework\cloud\spring-cloud-context\3.1.1\spring-cloud-context-3.1.1.jar;D:\Java\m2\repository\org\springframework\cloud\spring-cloud-loadbalancer\3.1.1\spring-cloud-loadbalancer-3.1.1.jar;D:\Java\m2\repository\io\projectreactor\reactor-core\3.4.16\reactor-core-3.4.16.jar;D:\Java\m2\repository\org\reactivestreams\reactive-streams\1.0.3\reactive-streams-1.0.3.jar;D:\Java\m2\repository\io\projectreactor\addons\reactor-extra\3.4.7\reactor-extra-3.4.7.jar;D:\Java\m2\repository\com\auth0\java-jwt\3.4.0\java-jwt-3.4.0.jar;D:\Java\m2\repository\com\fasterxml\jackson\core\jackson-databind\2.13.2.2\jackson-databind-2.13.2.2.jar;D:\Java\m2\repository\com\fasterxml\jackson\core\jackson-annotations\2.13.2\jackson-annotations-2.13.2.jar;D:\Java\m2\repository\commons-codec\commons-codec\1.15\commons-codec-1.15.jar;D:\Java\m2\repository\org\springframework\boot\spring-boot-starter-log4j2\2.6.6\spring-boot-starter-log4j2-2.6.6.jar;D:\Java\m2\repository\org\apache\logging\log4j\log4j-slf4j-impl\2.17.2\log4j-slf4j-impl-2.17.2.jar;D:\Java\m2\repository\org\apache\logging\log4j\log4j-api\2.17.2\log4j-api-2.17.2.jar;D:\Java\m2\repository\org\apache\logging\log4j\log4j-core\2.17.2\log4j-core-2.17.2.jar;D:\Java\m2\repository\org\apache\logging\log4j\log4j-jul\2.17.2\log4j-jul-2.17.2.jar;D:\Java\m2\repository\org\slf4j\jul-to-slf4j\1.7.36\jul-to-slf4j-1.7.36.jar;D:\Java\m2\repository\com\cai\api\0.0.1-SNAPSHOT\api-0.0.1-SNAPSHOT.jar;D:\Java\m2\repository\org\projectlombok\lombok\1.18.22\lombok-1.18.22.jar;D:\Java\m2\repository\com\alibaba\fastjson\1.2.74\fastjson-1.2.74.jar;"/>
    <property name="sun.cpu.endian" value="little"/>
    <property name="user.home" value="C:\Users\24216"/>
    <property name="user.language" value="zh"/>
    <property name="java.specification.vendor" value="Oracle Corporation"/>
    <property name="java.home" value="S:\env\java\jre"/>
    <property name="basedir" value="S:\project\back\work\funTour\gateway"/>
    <property name="file.separator" value="\"/>
    <property name="line.separator" value="&#10;"/>
    <property name="java.vm.specification.vendor" value="Oracle Corporation"/>
    <property name="java.specification.name" value="Java Platform API Specification"/>
    <property name="java.awt.graphicsenv" value="sun.awt.Win32GraphicsEnvironment"/>
    <property name="surefire.real.class.path" value="C:\Users\24216\AppData\Local\Temp\surefire566990965356221429\surefirebooter1512136994955635115.jar"/>
    <property name="sun.boot.class.path" value="S:\env\java\jre\lib\resources.jar;S:\env\java\jre\lib\rt.jar;S:\env\java\jre\lib\sunrsasign.jar;S:\env\java\jre\lib\jsse.jar;S:\env\java\jre\lib\jce.jar;S:\env\java\jre\lib\charsets.jar;S:\env\java\jre\lib\jfr.jar;S:\env\java\jre\classes"/>
    <property name="user.script" value=""/>
    <property name="sun.management.compiler" value="HotSpot 64-Bit Tiered Compilers"/>
    <property name="java.runtime.version" value="1.8.0_311-b11"/>
    <property name="user.name" value="24216"/>
    <property name="path.separator" value=";"/>
    <property name="os.version" value="10.0"/>
    <property name="java.endorsed.dirs" value="S:\env\java\jre\lib\endorsed"/>
    <property name="java.runtime.name" value="Java(TM) SE Runtime Environment"/>
    <property name="file.encoding" value="GBK"/>
    <property name="java.vm.name" value="Java HotSpot(TM) 64-Bit Server VM"/>
    <property name="localRepository" value="D:\Java\m2\repository"/>
    <property name="java.vendor.url.bug" value="http://bugreport.sun.com/bugreport/"/>
    <property name="java.io.tmpdir" value="C:\Users\24216\AppData\Local\Temp\"/>
    <property name="idea.version" value="2021.2.1"/>
    <property name="java.version" value="1.8.0_311"/>
    <property name="user.dir" value="S:\project\back\work\funTour\gateway"/>
    <property name="os.arch" value="amd64"/>
    <property name="java.vm.specification.name" value="Java Virtual Machine Specification"/>
    <property name="java.awt.printerjob" value="sun.awt.windows.WPrinterJob"/>
    <property name="sun.os.patch.level" value=""/>
    <property name="java.library.path" value="S:\env\java\jre\bin;C:\WINDOWS\Sun\Java\bin;C:\WINDOWS\system32;C:\WINDOWS;D:\VMWARE\bin\;D:\Oracle\oracle;C:\Program Files\PlasticSCM5\server;C:\Program Files\PlasticSCM5\client;C:\Program Files (x86)\Common Files\Oracle\Java\javapath;C:\WINDOWS\system32;C:\WINDOWS;C:\WINDOWS\System32\Wbem;C:\WINDOWS\System32\WindowsPowerShell\v1.0\;C:\WINDOWS\System32\OpenSSH\;C:\Program Files\NVIDIA Corporation\NVIDIA NvDLISR;D:\Git\bin;S:\env\maven\apache-maven-3.8.4-bin\apache-maven-3.8.4\bin;S:\env\nodejs\;C:\Program Files\Docker\Docker\resources\bin;C:\ProgramData\DockerDesktop\version-bin;D:\工具\解压缩\Bandizip\;D:\工具\解压缩\ffmpeg-master-latest-win64-gpl-shared\ffmpeg-master-latest-win64-gpl-shared\bin;S:\env\flutter\bin;S:\env\flutter\bin\cache\dart-sdk;D:\SVN\bin;C:\Users\24216\AppData\Local\Microsoft\WindowsApps;D:\Git\bin;C:\Users\24216\AppData\Roaming\npm;D:\editor\JetBrains Rider 2021.3.2\bin;;D:\editor\IntelliJ IDEA 2021.2.1\bin;;."/>
    <property name="java.vm.info" value="mixed mode"/>
    <property name="java.vendor" value="Oracle Corporation"/>
    <property name="java.vm.version" value="25.311-b11"/>
    <property name="java.ext.dirs" value="S:\env\java\jre\lib\ext;C:\WINDOWS\Sun\Java\lib\ext"/>
    <property name="sun.io.unicode.encoding" value="UnicodeLittle"/>
    <property name="java.class.version" value="52.0"/>
  </properties>
  <testcase name="com.cai.funtour.GatewayApplicationTests" classname="com.cai.funtour.GatewayApplicationTests" time="0.564">
    <error message="Found multiple @SpringBootConfiguration annotated classes [Generic bean: class [com.cai.funtour.GatewayApplication]; scope=; abstract=false; lazyInit=null; autowireMode=0; dependencyCheck=0; autowireCandidate=true; primary=false; factoryBeanName=null; factoryMethodName=null; initMethodName=null; destroyMethodName=null; defined in file [S:\project\back\work\funTour\gateway\target\classes\com\cai\funtour\GatewayApplication.class], Generic bean: class [com.cai.funtour.ApiApplication]; scope=; abstract=false; lazyInit=null; autowireMode=0; dependencyCheck=0; autowireCandidate=true; primary=false; factoryBeanName=null; factoryMethodName=null; initMethodName=null; destroyMethodName=null; defined in URL [jar:file:/D:/Java/m2/repository/com/cai/api/0.0.1-SNAPSHOT/api-0.0.1-SNAPSHOT.jar!/com/cai/funtour/ApiApplication.class]]" type="java.lang.IllegalStateException">java.lang.IllegalStateException: Found multiple @SpringBootConfiguration annotated classes [Generic bean: class [com.cai.funtour.GatewayApplication]; scope=; abstract=false; lazyInit=null; autowireMode=0; dependencyCheck=0; autowireCandidate=true; primary=false; factoryBeanName=null; factoryMethodName=null; initMethodName=null; destroyMethodName=null; defined in file [S:\project\back\work\funTour\gateway\target\classes\com\cai\funtour\GatewayApplication.class], Generic bean: class [com.cai.funtour.ApiApplication]; scope=; abstract=false; lazyInit=null; autowireMode=0; dependencyCheck=0; autowireCandidate=true; primary=false; factoryBeanName=null; factoryMethodName=null; initMethodName=null; destroyMethodName=null; defined in URL [jar:file:/D:/Java/m2/repository/com/cai/api/0.0.1-SNAPSHOT/api-0.0.1-SNAPSHOT.jar!/com/cai/funtour/ApiApplication.class]]
</error>
    <system-out><![CDATA[2022-04-25 14:46:26.407 INFO  trace-id: org.springframework.test.context.support.AbstractTestContextBootstrapper 305 buildDefaultMergedContextConfiguration - Neither @ContextConfiguration nor @ContextHierarchy found for test class [com.cai.funtour.GatewayApplicationTests], using SpringBootContextLoader
2022-04-25 14:46:26.412 INFO  trace-id: org.springframework.test.context.support.AbstractContextLoader 264 generateDefaultLocations - Could not detect default resource locations for test class [com.cai.funtour.GatewayApplicationTests]: no resource found for suffixes {-context.xml, Context.groovy}.
2022-04-25 14:46:26.413 INFO  trace-id: org.springframework.test.context.support.AnnotationConfigContextLoaderUtils 83 detectDefaultConfigurationClasses - Could not detect default configuration classes for test class [com.cai.funtour.GatewayApplicationTests]: GatewayApplicationTests does not declare any static, non-private, non-final, nested classes annotated with @Configuration.
]]></system-out>
  </testcase>
</testsuite>